<?xml version="1.0" encoding="UTF-8"?>
<!-- Generated by org.testng.reporters.JUnitReportReporter -->
<testsuite hostname="Katariyar" failures="0" tests="1" name="testNg.F" time="0.017" errors="0" timestamp="2023-05-26T14:38:33 IST" skipped="0">
  <testcase classname="testNg.F" name="Compose" time="0.017"/>
  <system-out/>
</testsuite> <!-- testNg.F -->
