<?xml version="1.0" encoding="UTF-8"?>
<!-- Generated by org.testng.reporters.JUnitReportReporter -->
<testsuite hostname="Katariyar" failures="0" tests="1" name="testNg.ToverifyCustomer" time="0.005" errors="0" timestamp="2023-05-30T13:57:14 IST" skipped="0">
  <testcase classname="testNg.ToverifyCustomer" name="demo2" time="0.005"/>
  <system-out/>
</testsuite> <!-- testNg.ToverifyCustomer -->
