<?xml version="1.0" encoding="UTF-8"?>
<!-- Generated by org.testng.reporters.JUnitReportReporter -->
<testsuite hostname="Katariyar" failures="0" tests="1" name="testNg.A" time="0.002" errors="0" timestamp="2023-05-26T14:14:50 IST" skipped="0">
  <testcase classname="testNg.A" name="demo" time="0.002"/>
  <system-out/>
</testsuite> <!-- testNg.A -->
