<?xml version="1.0" encoding="UTF-8"?>
<!-- Generated by org.testng.reporters.JUnitReportReporter -->
<testsuite hostname="Katariyar" failures="0" tests="3" name="testNg.B" time="0.008" errors="0" timestamp="2023-05-26T14:14:50 IST" skipped="0">
  <testcase classname="testNg.B" name="golu" time="0.003"/>
  <system-out/>
  <testcase classname="testNg.B" name="conu" time="0.002"/>
  <system-out/>
  <testcase classname="testNg.B" name="Aashu" time="0.003"/>
  <system-out/>
</testsuite> <!-- testNg.B -->
