<?xml version="1.0" encoding="UTF-8"?>
<!-- Generated by org.testng.reporters.JUnitReportReporter -->
<testsuite hostname="Katariyar" failures="0" tests="1" name="testNg.ToverifyGoogle" time="49.468" errors="0" timestamp="2023-05-29T13:36:33 IST" skipped="0">
  <testcase classname="testNg.ToverifyGoogle" name="toVerifyGoogle" time="49.468"/>
  <system-out/>
</testsuite> <!-- testNg.ToverifyGoogle -->
