<?xml version="1.0" encoding="UTF-8"?>
<!-- Generated by org.testng.reporters.JUnitReportReporter -->
<testsuite hostname="Katariyar" failures="0" tests="1" name="testNg.ToverifyHomePage" time="0.009" errors="0" timestamp="2023-05-30T13:57:14 IST" skipped="0">
  <testcase classname="testNg.ToverifyHomePage" name="demo" time="0.009"/>
  <system-out/>
</testsuite> <!-- testNg.ToverifyHomePage -->
