<?xml version="1.0" encoding="UTF-8"?>
<!-- Generated by org.testng.reporters.JUnitReportReporter -->
<testsuite hostname="Katariyar" failures="0" tests="3" name="testNg.E" time="0.021" errors="0" timestamp="2023-05-26T14:14:50 IST" skipped="1">
  <testcase classname="testNg.E" name="a" time="0.017"/>
  <system-out/>
  <testcase classname="testNg.E" name="c" time="0.004"/>
  <system-out/>
  <testcase classname="testNg.E" name="b">
    <skipped/>
  </testcase> <!-- b -->
  <system-out/>
</testsuite> <!-- testNg.E -->
