<?xml version="1.0" encoding="UTF-8"?>
<!-- Generated by org.testng.reporters.JUnitReportReporter -->
<testsuite hostname="Katariyar" failures="0" tests="1" name="testNg.G" time="0.004" errors="0" timestamp="2023-05-26T14:38:33 IST" skipped="0">
  <testcase classname="testNg.G" name="Sentmail" time="0.004"/>
  <system-out/>
</testsuite> <!-- testNg.G -->
