<?xml version="1.0" encoding="UTF-8"?>
<!-- Generated by org.testng.reporters.JUnitReportReporter -->
<testsuite hostname="Katariyar" failures="0" tests="2" name="testNg.ToVerifyGoogleOnChromeAndEdge" time="137.610" errors="0" timestamp="2023-05-29T14:08:52 IST" skipped="0">
  <testcase classname="testNg.ToVerifyGoogleOnChromeAndEdge" name="toVerifyGoogle" time="70.871"/>
  <system-out/>
  <testcase classname="testNg.ToVerifyGoogleOnChromeAndEdge" name="toVerifyGoogle" time="66.739"/>
  <system-out/>
</testsuite> <!-- testNg.ToVerifyGoogleOnChromeAndEdge -->
