<?xml version="1.0" encoding="UTF-8"?>
<!-- Generated by org.testng.reporters.JUnitReportReporter -->
<testsuite hostname="Katariyar" failures="0" tests="1" name="testNg.HardAssert" time="0.049" errors="0" timestamp="2023-05-29T14:30:54 IST" skipped="0">
  <testcase classname="testNg.HardAssert" name="demo" time="0.049"/>
  <system-out/>
</testsuite> <!-- testNg.HardAssert -->
